[
{"level":"info","time":"2016-01-03T23:17:18.956Z","module":"openpux","message":"logger session started"},
{"level":"info","name":"openpux","message":"using configuration file config/awssimpledb_config.json"},
{"level":"info","name":"openpux","message":"Storage: BackingStore Amazon AWS SimpleDB configured"},
{"level":"info","name":"openpux","message":"Openpux: processHeadersAndDispatch:"},
{"level":"info","name":"openpux","message":"Openpux: req.url=/"},
{"level":"info","name":"openpux","message":"127.0.0.1 retrieved file path=apps/openpux/client/html/sensor.html"},
{"level":"info","name":"openpux","message":"servFile: sending file apps/openpux/client/html/sensor.html contentType=text/html"},
{"level":"info","name":"openpux","message":"Openpux: processHeadersAndDispatch:"},
{"level":"info","name":"openpux","message":"Openpux: req.url=/genericforms.js"},
{"level":"info","name":"openpux","message":"127.0.0.1 retrieved file path=apps/openpux/client/javascripts/genericforms.js"},
{"level":"info","name":"openpux","message":"Openpux: processHeadersAndDispatch:"},
{"level":"info","name":"openpux","message":"Openpux: req.url=/openpuxforms.js"},
{"level":"info","name":"openpux","message":"127.0.0.1 retrieved file path=apps/openpux/client/javascripts/openpuxforms.js"},
{"level":"info","name":"openpux","message":"Openpux: processHeadersAndDispatch:"},
{"level":"info","name":"openpux","message":"Openpux: req.url=/openpuxclient.js"},
{"level":"info","name":"openpux","message":"127.0.0.1 retrieved file path=apps/openpux/client/javascripts/openpuxclient.js"},
{"level":"info","name":"openpux","message":"servFile: sending file apps/openpux/client/javascripts/genericforms.js contentType=application/javascript"},
{"level":"info","name":"openpux","message":"servFile: sending file apps/openpux/client/javascripts/openpuxforms.js contentType=application/javascript"},
{"level":"info","name":"openpux","message":"servFile: sending file apps/openpux/client/javascripts/openpuxclient.js contentType=application/javascript"},
{"level":"info","name":"openpux","message":"Openpux: processHeadersAndDispatch:"},
{"level":"info","name":"openpux","message":"Openpux: req.url=/"},
{"level":"info","name":"openpux","message":"127.0.0.1 retrieved file path=apps/openpux/client/html/sensor.html"},
{"level":"info","name":"openpux","message":"servFile: sending file apps/openpux/client/html/sensor.html contentType=text/html"},
{"level":"info","name":"openpux","message":"Openpux: processHeadersAndDispatch:"},
{"level":"info","name":"openpux","message":"Openpux: req.url=/genericforms.js"},
{"level":"info","name":"openpux","message":"127.0.0.1 retrieved file path=apps/openpux/client/javascripts/genericforms.js"},
{"level":"info","name":"openpux","message":"Openpux: processHeadersAndDispatch:"},
{"level":"info","name":"openpux","message":"Openpux: req.url=/openpuxforms.js"},
{"level":"info","name":"openpux","message":"127.0.0.1 retrieved file path=apps/openpux/client/javascripts/openpuxforms.js"},
{"level":"info","name":"openpux","message":"Openpux: processHeadersAndDispatch:"},
{"level":"info","name":"openpux","message":"Openpux: req.url=/openpuxclient.js"},
{"level":"info","name":"openpux","message":"127.0.0.1 retrieved file path=apps/openpux/client/javascripts/openpuxclient.js"},
{"level":"info","name":"openpux","message":"servFile: sending file apps/openpux/client/javascripts/genericforms.js contentType=application/javascript"},
{"level":"info","name":"openpux","message":"servFile: sending file apps/openpux/client/javascripts/openpuxforms.js contentType=application/javascript"},
{"level":"info","name":"openpux","message":"servFile: sending file apps/openpux/client/javascripts/openpuxclient.js contentType=application/javascript"},
{"level":"info","name":"openpux","message":"Openpux: processHeadersAndDispatch:"},
{"level":"info","name":"openpux","message":"Openpux: req.url=/"},
{"level":"info","name":"openpux","message":"127.0.0.1 retrieved file path=apps/openpux/client/html/sensor.html"},
{"level":"info","name":"openpux","message":"servFile: sending file apps/openpux/client/html/sensor.html contentType=text/html"},
{"level":"info","name":"openpux","message":"Openpux: processHeadersAndDispatch:"},
{"level":"info","name":"openpux","message":"Openpux: req.url=/genericforms.js"},
{"level":"info","name":"openpux","message":"127.0.0.1 retrieved file path=apps/openpux/client/javascripts/genericforms.js"},
{"level":"info","name":"openpux","message":"servFile: sending file apps/openpux/client/javascripts/genericforms.js contentType=application/javascript"},
{"level":"info","name":"openpux","message":"Openpux: processHeadersAndDispatch:"},
{"level":"info","name":"openpux","message":"Openpux: req.url=/openpuxforms.js"},
{"level":"info","name":"openpux","message":"127.0.0.1 retrieved file path=apps/openpux/client/javascripts/openpuxforms.js"},
{"level":"info","name":"openpux","message":"Openpux: processHeadersAndDispatch:"},
{"level":"info","name":"openpux","message":"Openpux: req.url=/openpuxclient.js"},
{"level":"info","name":"openpux","message":"127.0.0.1 retrieved file path=apps/openpux/client/javascripts/openpuxclient.js"},
{"level":"info","name":"openpux","message":"servFile: sending file apps/openpux/client/javascripts/openpuxforms.js contentType=application/javascript"},
{"level":"info","name":"openpux","message":"servFile: sending file apps/openpux/client/javascripts/openpuxclient.js contentType=application/javascript"},
{"level":"info","name":"openpux","message":"Openpux: processHeadersAndDispatch:"},
{"level":"info","name":"openpux","message":"Openpux: req.url=/"},
{"level":"info","name":"openpux","message":"127.0.0.1 retrieved file path=apps/openpux/client/html/sensor.html"},
{"level":"info","name":"openpux","message":"servFile: sending file apps/openpux/client/html/sensor.html contentType=text/html"},
{"level":"info","name":"openpux","message":"Openpux: processHeadersAndDispatch:"},
{"level":"info","name":"openpux","message":"Openpux: req.url=/genericforms.js"},
{"level":"info","name":"openpux","message":"127.0.0.1 retrieved file path=apps/openpux/client/javascripts/genericforms.js"},
{"level":"info","name":"openpux","message":"Openpux: processHeadersAndDispatch:"},
{"level":"info","name":"openpux","message":"Openpux: req.url=/openpuxforms.js"},
{"level":"info","name":"openpux","message":"127.0.0.1 retrieved file path=apps/openpux/client/javascripts/openpuxforms.js"},
{"level":"info","name":"openpux","message":"Openpux: processHeadersAndDispatch:"},
{"level":"info","name":"openpux","message":"Openpux: req.url=/openpuxclient.js"},
{"level":"info","name":"openpux","message":"127.0.0.1 retrieved file path=apps/openpux/client/javascripts/openpuxclient.js"},
{"level":"info","name":"openpux","message":"servFile: sending file apps/openpux/client/javascripts/genericforms.js contentType=application/javascript"},
{"level":"info","name":"openpux","message":"servFile: sending file apps/openpux/client/javascripts/openpuxforms.js contentType=application/javascript"},
{"level":"info","name":"openpux","message":"servFile: sending file apps/openpux/client/javascripts/openpuxclient.js contentType=application/javascript"},
{"level":"info","name":"openpux","message":"Openpux: processHeadersAndDispatch:"},
{"level":"info","name":"openpux","message":"Openpux: req.url=/"},
{"level":"info","name":"openpux","message":"127.0.0.1 retrieved file path=apps/openpux/client/html/sensor.html"},
{"level":"info","name":"openpux","message":"servFile: sending file apps/openpux/client/html/sensor.html contentType=text/html"},
{"level":"info","name":"openpux","message":"Openpux: processHeadersAndDispatch:"},
{"level":"info","name":"openpux","message":"Openpux: req.url=/genericforms.js"},
{"level":"info","name":"openpux","message":"127.0.0.1 retrieved file path=apps/openpux/client/javascripts/genericforms.js"},
{"level":"info","name":"openpux","message":"Openpux: processHeadersAndDispatch:"},
{"level":"info","name":"openpux","message":"Openpux: req.url=/openpuxforms.js"},
{"level":"info","name":"openpux","message":"127.0.0.1 retrieved file path=apps/openpux/client/javascripts/openpuxforms.js"},
{"level":"info","name":"openpux","message":"Openpux: processHeadersAndDispatch:"},
{"level":"info","name":"openpux","message":"Openpux: req.url=/openpuxclient.js"},
{"level":"info","name":"openpux","message":"127.0.0.1 retrieved file path=apps/openpux/client/javascripts/openpuxclient.js"},
{"level":"info","name":"openpux","message":"servFile: sending file apps/openpux/client/javascripts/genericforms.js contentType=application/javascript"},
{"level":"info","name":"openpux","message":"servFile: sending file apps/openpux/client/javascripts/openpuxforms.js contentType=application/javascript"},
{"level":"info","name":"openpux","message":"servFile: sending file apps/openpux/client/javascripts/openpuxclient.js contentType=application/javascript"},
{"level":"info","name":"openpux","message":"Openpux: processHeadersAndDispatch:"},
{"level":"info","name":"openpux","message":"Openpux: req.url=/api/v2/accounts/0/addaccount"},
{"level":"info","name":"openpux","message":"openpux: processOpenpuxApiRequest: req.headers[]="},
{"level":"info","name":"openpux","message":"openpux: [object Object]"},
{"level":"info","name":"openpux","message":"Admin ticket allocated with Full access"},
{"level":"info","name":"openpux","message":"openpux: parsedUrl="},
{"level":"info","name":"openpux","message":"openpux: [object Object]"},
{"level":"info","name":"openpux","message":"openpux: requestObject="},
{"level":"info","name":"openpux","message":"openpux: [object Object]"},
{"level":"info","name":"openpux","message":"Storage: creating item /accounts/1"},
{"level":"info","name":"openpux","message":"Openpux: processHeadersAndDispatch:"},
{"level":"info","name":"openpux","message":"Openpux: req.url=/api/v2/accounts/0/addsensor"},
{"level":"info","name":"openpux","message":"openpux: processOpenpuxApiRequest: req.headers[]="},
{"level":"info","name":"openpux","message":"openpux: [object Object]"},
{"level":"info","name":"openpux","message":"openpux: parsedUrl="},
{"level":"info","name":"openpux","message":"openpux: [object Object]"},
{"level":"info","name":"openpux","message":"openpux: requestObject="},
{"level":"info","name":"openpux","message":"openpux: [object Object]"},
{"level":"info","name":"openpux","message":"Storage: getItem cache hit itemName=/accounts/1"},
{"level":"info","name":"openpux","message":"Storage: creating item /accounts/1/sensors/2"},
{"level":"info","name":"openpux","message":"Openpux: processHeadersAndDispatch:"},
{"level":"info","name":"openpux","message":"Openpux: req.url=/"},
{"level":"info","name":"openpux","message":"127.0.0.1 retrieved file path=apps/openpux/client/html/sensor.html"},
{"level":"info","name":"openpux","message":"servFile: sending file apps/openpux/client/html/sensor.html contentType=text/html"},
{"level":"info","name":"openpux","message":"Openpux: processHeadersAndDispatch:"},
{"level":"info","name":"openpux","message":"Openpux: req.url=/genericforms.js"},
{"level":"info","name":"openpux","message":"127.0.0.1 retrieved file path=apps/openpux/client/javascripts/genericforms.js"},
{"level":"info","name":"openpux","message":"servFile: sending file apps/openpux/client/javascripts/genericforms.js contentType=application/javascript"},
{"level":"info","name":"openpux","message":"Openpux: processHeadersAndDispatch:"},
{"level":"info","name":"openpux","message":"Openpux: req.url=/openpuxforms.js"},
{"level":"info","name":"openpux","message":"127.0.0.1 retrieved file path=apps/openpux/client/javascripts/openpuxforms.js"},
{"level":"info","name":"openpux","message":"Openpux: processHeadersAndDispatch:"},
{"level":"info","name":"openpux","message":"Openpux: req.url=/openpuxclient.js"},
{"level":"info","name":"openpux","message":"127.0.0.1 retrieved file path=apps/openpux/client/javascripts/openpuxclient.js"},
{"level":"info","name":"openpux","message":"servFile: sending file apps/openpux/client/javascripts/openpuxforms.js contentType=application/javascript"},
{"level":"info","name":"openpux","message":"servFile: sending file apps/openpux/client/javascripts/openpuxclient.js contentType=application/javascript"},
{"level":"info","name":"openpux","message":"Openpux: processHeadersAndDispatch:"},
{"level":"info","name":"openpux","message":"Openpux: req.url=/api/v2/accounts/1/sensors/2/readings"},
{"level":"info","name":"openpux","message":"openpux: processOpenpuxApiRequest: req.headers[]="},
{"level":"info","name":"openpux","message":"openpux: [object Object]"},
{"level":"info","name":"openpux","message":"openpux: parsedUrl="},
{"level":"info","name":"openpux","message":"openpux: [object Object]"},
{"level":"info","name":"openpux","message":"openpux: requestObject="},
{"level":"info","name":"openpux","message":"openpux: [object Object]"},
{"level":"info","name":"openpux","message":"Storage: getItem cache hit itemName=/accounts/1/sensors/2"},
{"level":"info","name":"openpux","message":"Storage: creating item /accounts/1/sensors/2/readings/2016-01-03T23:22:27.514Z"},
{"level":"info","name":"openpux","message":"Openpux: processHeadersAndDispatch:"},
{"level":"info","name":"openpux","message":"Openpux: req.url=/smartpuxdata/data"},
{"level":"info","name":"openpux","message":"smartpux: addSensorReadingShortForm invoked!"},
{"level":"info","name":"openpux","message":"smartpux: processAddSensorReadingShortForm:"},
{"level":"info","name":"openpux","message":"smartpux: document:A=1&S=2&K=12345678&D0=1:\n"},
{"level":"info","name":"openpux","message":"smartpux: "},
{"level":"info","name":"openpux","message":"smartpux: Short Form:"},
{"level":"info","name":"openpux","message":"smartpux: "},
{"level":"info","name":"openpux","message":"smartpux: Long Form:"},
{"level":"info","name":"openpux","message":"smartpux: [object Object]"},
{"level":"info","name":"openpux","message":"Storage: getItem cache hit itemName=/accounts/1/sensors/2"},
{"level":"info","name":"openpux","message":"Storage: creating item /accounts/1/sensors/2/readings/2016-01-03T23:22:30.689Z"},
{"level":"info","name":"openpux","message":"smartpux: error getting sensor settings"},
{"level":"info","name":"openpux","message":"smartpux: sensorValues == null"},
{"level":"info","name":"openpux","message":"smartpux: No sensor values to send"},
{"level":"info","name":"openpux","message":"Openpux: processHeadersAndDispatch:"},
{"level":"info","name":"openpux","message":"Openpux: req.url=/api/v2/accounts/1/sensors/2/settings"},
{"level":"info","name":"openpux","message":"openpux: processOpenpuxApiRequest: req.headers[]="},
{"level":"info","name":"openpux","message":"openpux: [object Object]"},
{"level":"info","name":"openpux","message":"openpux: parsedUrl="},
{"level":"info","name":"openpux","message":"openpux: [object Object]"},
{"level":"info","name":"openpux","message":"openpux: requestObject="},
{"level":"info","name":"openpux","message":"openpux: [object Object]"},
{"level":"info","name":"openpux","message":"Openpux: processHeadersAndDispatch:"},
{"level":"info","name":"openpux","message":"Openpux: req.url=/api/v2/accounts/1/sensors/2/settings"},
{"level":"info","name":"openpux","message":"openpux: processOpenpuxApiRequest: req.headers[]="},
{"level":"info","name":"openpux","message":"openpux: [object Object]"},
{"level":"info","name":"openpux","message":"openpux: parsedUrl="},
{"level":"info","name":"openpux","message":"openpux: [object Object]"},
{"level":"info","name":"openpux","message":"openpux: requestObject="},
{"level":"info","name":"openpux","message":"openpux: [object Object]"},
{"level":"info","time":"2016-01-04T01:11:01.627Z","module":"openpux","message":"logger session ended"}
]
