[
{"level":"info","time":"2016-01-03T23:08:54.624Z","module":"openpux","message":"logger session started"},
{"level":"info","name":"openpux","message":"using configuration file config/awssimpledb_config.json"},
{"level":"info","name":"openpux","message":"Storage: BackingStore Amazon AWS SimpleDB configured"},
{"level":"info","name":"openpux","message":"Openpux: processHeadersAndDispatch:"},
{"level":"info","name":"openpux","message":"Openpux: req.url=/"},
{"level":"info","name":"openpux","message":"127.0.0.1 retrieved file path=apps/openpux/client/html/sensor.html"},
{"level":"info","name":"openpux","message":"servFile: sending file apps/openpux/client/html/sensor.html contentType=text/html"},
{"level":"info","name":"openpux","message":"Openpux: processHeadersAndDispatch:"},
{"level":"info","name":"openpux","message":"Openpux: req.url=/genericforms.js"},
{"level":"info","name":"openpux","message":"127.0.0.1 retrieved file path=apps/openpux/client/javascripts/genericforms.js"},
{"level":"info","name":"openpux","message":"Openpux: processHeadersAndDispatch:"},
{"level":"info","name":"openpux","message":"Openpux: req.url=/openpuxforms.js"},
{"level":"info","name":"openpux","message":"127.0.0.1 retrieved file path=apps/openpux/client/javascripts/openpuxforms.js"},
{"level":"info","name":"openpux","message":"servFile: sending file apps/openpux/client/javascripts/genericforms.js contentType=application/javascript"},
{"level":"info","name":"openpux","message":"servFile: sending file apps/openpux/client/javascripts/openpuxforms.js contentType=application/javascript"},
{"level":"info","name":"openpux","message":"Openpux: processHeadersAndDispatch:"},
{"level":"info","name":"openpux","message":"Openpux: req.url=/openpuxclient.js"},
{"level":"info","name":"openpux","message":"127.0.0.1 retrieved file path=apps/openpux/client/javascripts/openpuxclient.js"},
{"level":"info","name":"openpux","message":"servFile: sending file apps/openpux/client/javascripts/openpuxclient.js contentType=application/javascript"},
{"level":"info","time":"2016-01-03T23:17:17.715Z","module":"openpux","message":"logger session ended"}
]
