[
{"level":"info","time":"2016-01-03T22:45:33.657Z","module":"openpux","message":"logger session started"},
{"level":"info","name":"openpux","message":"using configuration file config/awssimpledb_config.json"},
{"level":"info","name":"openpux","message":"Storage: BackingStore Amazon AWS SimpleDB configured"},
{"level":"info","name":"openpux","message":"Openpux: processHeadersAndDispatch:"},
{"level":"info","name":"openpux","message":"Openpux: req.url=/"},
{"level":"info","name":"openpux","message":"127.0.0.1 retrieved file path=apps/openpux/client/html/sensor.html"},
{"level":"info","name":"openpux","message":"servFile: sending file apps/openpux/client/html/sensor.html contentType=text/html"},
{"level":"info","name":"openpux","message":"Openpux: processHeadersAndDispatch:"},
{"level":"info","name":"openpux","message":"Openpux: req.url=/genericforms.js"},
{"level":"info","name":"openpux","message":"127.0.0.1 retrieved file path=apps/openpux/client/javascripts/genericforms.js"},
{"level":"info","name":"openpux","message":"servFile: sending file apps/openpux/client/javascripts/genericforms.js contentType=application/javascript"},
{"level":"info","name":"openpux","message":"Openpux: processHeadersAndDispatch:"},
{"level":"info","name":"openpux","message":"Openpux: req.url=/openpuxforms.js"},
{"level":"info","name":"openpux","message":"127.0.0.1 retrieved file path=apps/openpux/client/javascripts/openpuxforms.js"},
{"level":"info","name":"openpux","message":"servFile: sending file apps/openpux/client/javascripts/openpuxforms.js contentType=application/javascript"},
{"level":"info","name":"openpux","message":"Openpux: processHeadersAndDispatch:"},
{"level":"info","name":"openpux","message":"Openpux: req.url=/openpuxclient.js"},
{"level":"info","name":"openpux","message":"127.0.0.1 retrieved file path=apps/openpux/client/javascripts/openpuxclient.js"},
{"level":"info","name":"openpux","message":"servFile: sending file apps/openpux/client/javascripts/openpuxclient.js contentType=application/javascript"},
{"level":"info","name":"openpux","message":"Openpux: processHeadersAndDispatch:"},
{"level":"info","name":"openpux","message":"Openpux: req.url=/"},
{"level":"info","name":"openpux","message":"127.0.0.1 retrieved file path=apps/openpux/client/html/sensor.html"},
{"level":"info","name":"openpux","message":"servFile: sending file apps/openpux/client/html/sensor.html contentType=text/html"},
{"level":"info","name":"openpux","message":"Openpux: processHeadersAndDispatch:"},
{"level":"info","name":"openpux","message":"Openpux: req.url=/genericforms.js"},
{"level":"info","name":"openpux","message":"127.0.0.1 retrieved file path=apps/openpux/client/javascripts/genericforms.js"},
{"level":"info","name":"openpux","message":"Openpux: processHeadersAndDispatch:"},
{"level":"info","name":"openpux","message":"Openpux: req.url=/openpuxforms.js"},
{"level":"info","name":"openpux","message":"127.0.0.1 retrieved file path=apps/openpux/client/javascripts/openpuxforms.js"},
{"level":"info","name":"openpux","message":"servFile: sending file apps/openpux/client/javascripts/genericforms.js contentType=application/javascript"},
{"level":"info","name":"openpux","message":"Openpux: processHeadersAndDispatch:"},
{"level":"info","name":"openpux","message":"Openpux: req.url=/openpuxclient.js"},
{"level":"info","name":"openpux","message":"127.0.0.1 retrieved file path=apps/openpux/client/javascripts/openpuxclient.js"},
{"level":"info","name":"openpux","message":"servFile: sending file apps/openpux/client/javascripts/openpuxforms.js contentType=application/javascript"},
{"level":"info","name":"openpux","message":"servFile: sending file apps/openpux/client/javascripts/openpuxclient.js contentType=application/javascript"},
{"level":"info","name":"openpux","message":"Openpux: processHeadersAndDispatch:"},
{"level":"info","name":"openpux","message":"Openpux: req.url=/api/v2/accounts/1/sensors/1/readings?latestcount=1"},
{"level":"info","name":"openpux","message":"openpux: processOpenpuxApiRequest: req.headers[]="},
{"level":"info","name":"openpux","message":"openpux: [object Object]"},
{"level":"info","name":"openpux","message":"openpux: parsedUrl="},
{"level":"info","name":"openpux","message":"openpux: [object Object]"},
{"level":"info","name":"openpux","message":"openpux: requestObject="},
{"level":"info","name":"openpux","message":"openpux: [object Object]"},
{"level":"info","name":"openpux","message":"Openpux: processHeadersAndDispatch:"},
{"level":"info","name":"openpux","message":"Openpux: req.url=/api/v2/accounts/1/sensors/1/readings?latestcount=1"},
{"level":"info","name":"openpux","message":"openpux: processOpenpuxApiRequest: req.headers[]="},
{"level":"info","name":"openpux","message":"openpux: [object Object]"},
{"level":"info","name":"openpux","message":"Admin ticket allocated with Full access"},
{"level":"info","name":"openpux","message":"openpux: parsedUrl="},
{"level":"info","name":"openpux","message":"openpux: [object Object]"},
{"level":"info","name":"openpux","message":"openpux: requestObject="},
{"level":"info","name":"openpux","message":"openpux: [object Object]"},
{"level":"info","name":"openpux","message":"Storage: getItem cache hit itemName=/accounts/1/sensors/1"},
{"level":"info","name":"openpux","message":"Openpux: processHeadersAndDispatch:"},
{"level":"info","name":"openpux","message":"Openpux: req.url=/api/v2/accounts/1/addsensor"},
{"level":"info","name":"openpux","message":"openpux: processOpenpuxApiRequest: req.headers[]="},
{"level":"info","name":"openpux","message":"openpux: [object Object]"},
{"level":"error","name":"openpux","message":"request from 127.0.0.1 is missing Authorization header"},
{"level":"error","name":"openpux","message":"request from 127.0.0.1 has an invalid ticket/missing header"},
{"level":"error","name":"openpux","message":"127.0.0.1 error=authentication error no authorization header for POST status=401"},
{"level":"info","name":"openpux","message":"Openpux: processHeadersAndDispatch:"},
{"level":"info","name":"openpux","message":"Openpux: req.url=/api/v2/accounts/0/addsensor"},
{"level":"info","name":"openpux","message":"openpux: processOpenpuxApiRequest: req.headers[]="},
{"level":"info","name":"openpux","message":"openpux: [object Object]"},
{"level":"error","name":"openpux","message":"request from 127.0.0.1 is missing Authorization header"},
{"level":"error","name":"openpux","message":"request from 127.0.0.1 has an invalid ticket/missing header"},
{"level":"error","name":"openpux","message":"127.0.0.1 error=authentication error no authorization header for POST status=401"},
{"level":"info","name":"openpux","message":"Openpux: processHeadersAndDispatch:"},
{"level":"info","name":"openpux","message":"Openpux: req.url=/"},
{"level":"info","name":"openpux","message":"127.0.0.1 retrieved file path=apps/openpux/client/html/sensor.html"},
{"level":"info","name":"openpux","message":"servFile: sending file apps/openpux/client/html/sensor.html contentType=text/html"},
{"level":"info","name":"openpux","message":"Openpux: processHeadersAndDispatch:"},
{"level":"info","name":"openpux","message":"Openpux: req.url=/genericforms.js"},
{"level":"info","name":"openpux","message":"127.0.0.1 retrieved file path=apps/openpux/client/javascripts/genericforms.js"},
{"level":"info","name":"openpux","message":"Openpux: processHeadersAndDispatch:"},
{"level":"info","name":"openpux","message":"Openpux: req.url=/openpuxforms.js"},
{"level":"info","name":"openpux","message":"127.0.0.1 retrieved file path=apps/openpux/client/javascripts/openpuxforms.js"},
{"level":"info","name":"openpux","message":"Openpux: processHeadersAndDispatch:"},
{"level":"info","name":"openpux","message":"Openpux: req.url=/openpuxclient.js"},
{"level":"info","name":"openpux","message":"127.0.0.1 retrieved file path=apps/openpux/client/javascripts/openpuxclient.js"},
{"level":"info","name":"openpux","message":"servFile: sending file apps/openpux/client/javascripts/genericforms.js contentType=application/javascript"},
{"level":"info","name":"openpux","message":"servFile: sending file apps/openpux/client/javascripts/openpuxforms.js contentType=application/javascript"},
{"level":"info","name":"openpux","message":"servFile: sending file apps/openpux/client/javascripts/openpuxclient.js contentType=application/javascript"},
{"level":"info","name":"openpux","message":"Openpux: processHeadersAndDispatch:"},
{"level":"info","name":"openpux","message":"Openpux: req.url=/"},
{"level":"info","name":"openpux","message":"127.0.0.1 retrieved file path=apps/openpux/client/html/sensor.html"},
{"level":"info","name":"openpux","message":"servFile: sending file apps/openpux/client/html/sensor.html contentType=text/html"},
{"level":"info","name":"openpux","message":"Openpux: processHeadersAndDispatch:"},
{"level":"info","name":"openpux","message":"Openpux: req.url=/genericforms.js"},
{"level":"info","name":"openpux","message":"127.0.0.1 retrieved file path=apps/openpux/client/javascripts/genericforms.js"},
{"level":"info","name":"openpux","message":"servFile: sending file apps/openpux/client/javascripts/genericforms.js contentType=application/javascript"},
{"level":"info","name":"openpux","message":"Openpux: processHeadersAndDispatch:"},
{"level":"info","name":"openpux","message":"Openpux: req.url=/openpuxforms.js"},
{"level":"info","name":"openpux","message":"127.0.0.1 retrieved file path=apps/openpux/client/javascripts/openpuxforms.js"},
{"level":"info","name":"openpux","message":"Openpux: processHeadersAndDispatch:"},
{"level":"info","name":"openpux","message":"Openpux: req.url=/openpuxclient.js"},
{"level":"info","name":"openpux","message":"127.0.0.1 retrieved file path=apps/openpux/client/javascripts/openpuxclient.js"},
{"level":"info","name":"openpux","message":"servFile: sending file apps/openpux/client/javascripts/openpuxforms.js contentType=application/javascript"},
{"level":"info","name":"openpux","message":"servFile: sending file apps/openpux/client/javascripts/openpuxclient.js contentType=application/javascript"},
{"level":"info","name":"openpux","message":"Openpux: processHeadersAndDispatch:"},
{"level":"info","name":"openpux","message":"Openpux: req.url=/api/v2/accounts/0/addsensor"},
{"level":"info","name":"openpux","message":"openpux: processOpenpuxApiRequest: req.headers[]="},
{"level":"info","name":"openpux","message":"openpux: [object Object]"},
{"level":"info","name":"openpux","message":"openpux: parsedUrl="},
{"level":"info","name":"openpux","message":"openpux: [object Object]"},
{"level":"info","name":"openpux","message":"openpux: requestObject="},
{"level":"info","name":"openpux","message":"openpux: [object Object]"},
{"level":"info","name":"openpux","message":"openpux: addSensor: could not get account /accounts/1 error=ItemDoesNotExist"},
{"level":"info","time":"2016-01-03T22:58:17.121Z","module":"openpux","message":"logger session ended"}
]
