[
{"level":"info","time":"2016-01-04T01:30:45.574Z","module":"openpux","message":"logger session started"},
{"level":"info","name":"openpux","message":"using configuration file config/awssimpledb_config.json"},
{"level":"info","name":"openpux","message":"Storage: BackingStore Amazon AWS SimpleDB configured"},
{"level":"info","name":"openpux","message":"Openpux: processHeadersAndDispatch:"},
{"level":"info","name":"openpux","message":"Openpux: req.url=/api/v2/accounts/1/sensors/2/settings"},
{"level":"info","name":"openpux","message":"openpux: processOpenpuxApiRequest: req.headers[]="},
{"level":"info","name":"openpux","message":"openpux: [object Object]"},
{"level":"info","name":"openpux","message":"openpux: parsedUrl="},
{"level":"info","name":"openpux","message":"openpux: [object Object]"},
{"level":"info","name":"openpux","message":"openpux: requestObject="},
{"level":"info","name":"openpux","message":"openpux: [object Object]"},
{"level":"info","name":"openpux","message":"Storage: creating item /accounts/1/sensors/2/settings"},
{"level":"info","name":"openpux","message":"Openpux: processHeadersAndDispatch:"},
{"level":"info","name":"openpux","message":"Openpux: req.url=/api/v2/accounts/1/sensors/2/settings"},
{"level":"info","name":"openpux","message":"openpux: processOpenpuxApiRequest: req.headers[]="},
{"level":"info","name":"openpux","message":"openpux: [object Object]"},
{"level":"info","name":"openpux","message":"openpux: parsedUrl="},
{"level":"info","name":"openpux","message":"openpux: [object Object]"},
{"level":"info","name":"openpux","message":"openpux: requestObject="},
{"level":"info","name":"openpux","message":"openpux: [object Object]"},
{"level":"info","name":"openpux","message":"Storage: getItem cache hit itemName=/accounts/1/sensors/2/settings"},
{"level":"info","time":"2016-01-04T01:31:23.647Z","module":"openpux","message":"logger session ended"}
]
